<?xml version="1.0" encoding="utf-8"?>
<CoverageSession xmlns:xsd="http://www.w3.org/2001/XMLSchema" xmlns:xsi="http://www.w3.org/2001/XMLSchema-instance" Version="0.0.0.0">
  <Summary numSequencePoints="126" visitedSequencePoints="8" numBranchPoints="0" visitedBranchPoints="0" sequenceCoverage="6.35" branchCoverage="0.0" maxCyclomaticComplexity="0" minCyclomaticComplexity="0" maxCrapScore="0" minCrapScore="0" visitedClasses="2" numClasses="5" visitedMethods="2" numMethods="20" />
  <Modules>
    <Module>
      <Summary numSequencePoints="13" visitedSequencePoints="0" numBranchPoints="0" visitedBranchPoints="0" sequenceCoverage="0.0" branchCoverage="0.0" maxCyclomaticComplexity="0" minCyclomaticComplexity="0" maxCrapScore="0" minCrapScore="0" visitedClasses="0" numClasses="2" visitedMethods="0" numMethods="3" />
      <ModuleTime>0001-01-01T00:00:00</ModuleTime>
      <ModuleName>Assembly-CSharp</ModuleName>
      <Files>
        <File uid="1" fullPath="D:/Unity Projects/CICID-R-D/Assets/Scripts/TestAnim.cs" />
      </Files>
      <Classes>
        <Class>
          <Summary numSequencePoints="7" visitedSequencePoints="0" numBranchPoints="0" visitedBranchPoints="0" sequenceCoverage="0.0" branchCoverage="0.0" maxCyclomaticComplexity="0" minCyclomaticComplexity="0" maxCrapScore="0" minCrapScore="0" visitedClasses="0" numClasses="1" visitedMethods="0" numMethods="2" />
          <FullName>TestAnim</FullName>
          <Methods>
            <Method visited="false" cyclomaticComplexity="0" nPathComplexity="0" sequenceCoverage="0.0" branchCoverage="0" crapScore="0" isConstructor="false" isStatic="false" isGetter="false" isSetter="false">
              <Summary numSequencePoints="6" visitedSequencePoints="0" numBranchPoints="0" visitedBranchPoints="0" sequenceCoverage="0.0" branchCoverage="0" maxCyclomaticComplexity="0" minCyclomaticComplexity="0" maxCrapScore="0" minCrapScore="0" visitedClasses="0" numClasses="0" visitedMethods="0" numMethods="1" />
              <MetadataToken>100663297</MetadataToken>
              <Name>System.Void TestAnim::Start()</Name>
              <FileRef uid="1" />
              <SequencePoints>
                <SequencePoint vc="0" uspid="1" ordinal="0" offset="0" sl="12" sc="0" el="12" ec="0" bec="0" bev="0" fileid="1" />
                <SequencePoint vc="0" uspid="2" ordinal="0" offset="5" sl="13" sc="0" el="13" ec="0" bec="0" bev="0" fileid="1" />
                <SequencePoint vc="0" uspid="3" ordinal="0" offset="10" sl="16" sc="0" el="16" ec="0" bec="0" bev="0" fileid="1" />
                <SequencePoint vc="0" uspid="4" ordinal="0" offset="12" sl="18" sc="0" el="18" ec="0" bec="0" bev="0" fileid="1" />
                <SequencePoint vc="0" uspid="5" ordinal="0" offset="23" sl="22" sc="0" el="22" ec="0" bec="0" bev="0" fileid="1" />
                <SequencePoint vc="0" uspid="6" ordinal="0" offset="33" sl="24" sc="0" el="24" ec="0" bec="0" bev="0" fileid="1" />
              </SequencePoints>
              <BranchPoints />
            </Method>
            <Method visited="false" cyclomaticComplexity="0" nPathComplexity="0" sequenceCoverage="0.0" branchCoverage="0" crapScore="0" isConstructor="false" isStatic="false" isGetter="false" isSetter="false">
              <Summary numSequencePoints="1" visitedSequencePoints="0" numBranchPoints="0" visitedBranchPoints="0" sequenceCoverage="0.0" branchCoverage="0" maxCyclomaticComplexity="0" minCyclomaticComplexity="0" maxCrapScore="0" minCrapScore="0" visitedClasses="0" numClasses="0" visitedMethods="0" numMethods="1" />
              <MetadataToken>100663298</MetadataToken>
              <Name>System.Void TestAnim::Update()</Name>
              <FileRef uid="1" />
              <SequencePoints>
                <SequencePoint vc="0" uspid="7" ordinal="0" offset="0" sl="30" sc="0" el="30" ec="0" bec="0" bev="0" fileid="1" />
              </SequencePoints>
              <BranchPoints />
            </Method>
          </Methods>
        </Class>
        <Class>
          <Summary numSequencePoints="6" visitedSequencePoints="0" numBranchPoints="0" visitedBranchPoints="0" sequenceCoverage="0.0" branchCoverage="0.0" maxCyclomaticComplexity="0" minCyclomaticComplexity="0" maxCrapScore="0" minCrapScore="0" visitedClasses="0" numClasses="1" visitedMethods="0" numMethods="1" />
          <FullName>InternetChecker</FullName>
          <Methods>
            <Method visited="false" cyclomaticComplexity="0" nPathComplexity="0" sequenceCoverage="0.0" branchCoverage="0" crapScore="0" isConstructor="false" isStatic="false" isGetter="false" isSetter="false">
              <Summary numSequencePoints="6" visitedSequencePoints="0" numBranchPoints="0" visitedBranchPoints="0" sequenceCoverage="0.0" branchCoverage="0" maxCyclomaticComplexity="0" minCyclomaticComplexity="0" maxCrapScore="0" minCrapScore="0" visitedClasses="0" numClasses="0" visitedMethods="0" numMethods="1" />
              <MetadataToken>100663300</MetadataToken>
              <Name>System.Boolean InternetChecker::CheckInternetConnection()</Name>
              <FileRef uid="1" />
              <SequencePoints>
                <SequencePoint vc="0" uspid="8" ordinal="0" offset="0" sl="39" sc="0" el="39" ec="0" bec="0" bev="0" fileid="1" />
                <SequencePoint vc="0" uspid="9" ordinal="0" offset="6" sl="41" sc="0" el="41" ec="0" bec="0" bev="0" fileid="1" />
                <SequencePoint vc="0" uspid="10" ordinal="0" offset="18" sl="43" sc="0" el="43" ec="0" bec="0" bev="0" fileid="1" />
                <SequencePoint vc="0" uspid="11" ordinal="0" offset="42" sl="47" sc="0" el="47" ec="0" bec="0" bev="0" fileid="1" />
                <SequencePoint vc="0" uspid="12" ordinal="0" offset="43" sl="49" sc="0" el="49" ec="0" bec="0" bev="0" fileid="1" />
                <SequencePoint vc="0" uspid="13" ordinal="0" offset="47" sl="51" sc="0" el="51" ec="0" bec="0" bev="0" fileid="1" />
              </SequencePoints>
              <BranchPoints />
            </Method>
          </Methods>
        </Class>
      </Classes>
    </Module>
    <Module>
      <Summary numSequencePoints="99" visitedSequencePoints="0" numBranchPoints="0" visitedBranchPoints="0" sequenceCoverage="0.0" branchCoverage="0.0" maxCyclomaticComplexity="0" minCyclomaticComplexity="0" maxCrapScore="0" minCrapScore="0" visitedClasses="0" numClasses="1" visitedMethods="0" numMethods="14" />
      <ModuleTime>0001-01-01T00:00:00</ModuleTime>
      <ModuleName>Assembly-CSharp-Editor</ModuleName>
      <Files>
        <File uid="2" fullPath="D:/Unity Projects/CICID-R-D/Assets/TutorialInfo/Scripts/Editor/ReadmeEditor.cs" />
      </Files>
      <Classes>
        <Class>
          <Summary numSequencePoints="99" visitedSequencePoints="0" numBranchPoints="0" visitedBranchPoints="0" sequenceCoverage="0.0" branchCoverage="0.0" maxCyclomaticComplexity="0" minCyclomaticComplexity="0" maxCrapScore="0" minCrapScore="0" visitedClasses="0" numClasses="1" visitedMethods="0" numMethods="14" />
          <FullName>ReadmeEditor</FullName>
          <Methods>
            <Method visited="false" cyclomaticComplexity="0" nPathComplexity="0" sequenceCoverage="0.0" branchCoverage="0" crapScore="0" isConstructor="false" isStatic="true" isGetter="false" isSetter="false">
              <Summary numSequencePoints="12" visitedSequencePoints="0" numBranchPoints="0" visitedBranchPoints="0" sequenceCoverage="0.0" branchCoverage="0" maxCyclomaticComplexity="0" minCyclomaticComplexity="0" maxCrapScore="0" minCrapScore="0" visitedClasses="0" numClasses="0" visitedMethods="0" numMethods="1" />
              <MetadataToken>100663298</MetadataToken>
              <Name>static System.Void ReadmeEditor::RemoveTutorial()</Name>
              <FileRef uid="2" />
              <SequencePoints>
                <SequencePoint vc="0" uspid="14" ordinal="0" offset="0" sl="26" sc="0" el="26" ec="0" bec="0" bev="0" fileid="2" />
                <SequencePoint vc="0" uspid="15" ordinal="0" offset="42" sl="32" sc="0" el="32" ec="0" bec="0" bev="0" fileid="2" />
                <SequencePoint vc="0" uspid="16" ordinal="0" offset="54" sl="34" sc="0" el="34" ec="0" bec="0" bev="0" fileid="2" />
                <SequencePoint vc="0" uspid="17" ordinal="0" offset="65" sl="35" sc="0" el="35" ec="0" bec="0" bev="0" fileid="2" />
                <SequencePoint vc="0" uspid="18" ordinal="0" offset="88" sl="39" sc="0" el="39" ec="0" bec="0" bev="0" fileid="2" />
                <SequencePoint vc="0" uspid="19" ordinal="0" offset="108" sl="42" sc="0" el="42" ec="0" bec="0" bev="0" fileid="2" />
                <SequencePoint vc="0" uspid="20" ordinal="0" offset="114" sl="43" sc="0" el="43" ec="0" bec="0" bev="0" fileid="2" />
                <SequencePoint vc="0" uspid="21" ordinal="0" offset="123" sl="45" sc="0" el="45" ec="0" bec="0" bev="0" fileid="2" />
                <SequencePoint vc="0" uspid="22" ordinal="0" offset="129" sl="46" sc="0" el="46" ec="0" bec="0" bev="0" fileid="2" />
                <SequencePoint vc="0" uspid="23" ordinal="0" offset="146" sl="47" sc="0" el="47" ec="0" bec="0" bev="0" fileid="2" />
                <SequencePoint vc="0" uspid="24" ordinal="0" offset="152" sl="50" sc="0" el="50" ec="0" bec="0" bev="0" fileid="2" />
                <SequencePoint vc="0" uspid="25" ordinal="0" offset="157" sl="52" sc="0" el="52" ec="0" bec="0" bev="0" fileid="2" />
              </SequencePoints>
              <BranchPoints />
            </Method>
            <Method visited="false" cyclomaticComplexity="0" nPathComplexity="0" sequenceCoverage="0.0" branchCoverage="0" crapScore="0" isConstructor="false" isStatic="true" isGetter="false" isSetter="false">
              <Summary numSequencePoints="7" visitedSequencePoints="0" numBranchPoints="0" visitedBranchPoints="0" sequenceCoverage="0.0" branchCoverage="0" maxCyclomaticComplexity="0" minCyclomaticComplexity="0" maxCrapScore="0" minCrapScore="0" visitedClasses="0" numClasses="0" visitedMethods="0" numMethods="1" />
              <MetadataToken>100663299</MetadataToken>
              <Name>static System.Void ReadmeEditor::SelectReadmeAutomatically()</Name>
              <FileRef uid="2" />
              <SequencePoints>
                <SequencePoint vc="0" uspid="26" ordinal="0" offset="0" sl="56" sc="9" el="56" ec="9" bec="0" bev="0" fileid="2" />
                <SequencePoint vc="0" uspid="27" ordinal="0" offset="13" sl="58" sc="13" el="58" ec="13" bec="0" bev="0" fileid="2" />
                <SequencePoint vc="0" uspid="28" ordinal="0" offset="19" sl="59" sc="13" el="59" ec="13" bec="0" bev="0" fileid="2" />
                <SequencePoint vc="0" uspid="29" ordinal="0" offset="30" sl="61" sc="13" el="61" ec="13" bec="0" bev="0" fileid="2" />
                <SequencePoint vc="0" uspid="30" ordinal="0" offset="46" sl="63" sc="17" el="63" ec="17" bec="0" bev="0" fileid="2" />
                <SequencePoint vc="0" uspid="31" ordinal="0" offset="51" sl="64" sc="17" el="64" ec="17" bec="0" bev="0" fileid="2" />
                <SequencePoint vc="0" uspid="32" ordinal="0" offset="58" sl="67" sc="5" el="67" ec="5" bec="0" bev="0" fileid="2" />
              </SequencePoints>
              <BranchPoints />
            </Method>
            <Method visited="false" cyclomaticComplexity="0" nPathComplexity="0" sequenceCoverage="0.0" branchCoverage="0" crapScore="0" isConstructor="false" isStatic="true" isGetter="false" isSetter="false">
              <Summary numSequencePoints="5" visitedSequencePoints="0" numBranchPoints="0" visitedBranchPoints="0" sequenceCoverage="0.0" branchCoverage="0" maxCyclomaticComplexity="0" minCyclomaticComplexity="0" maxCrapScore="0" minCrapScore="0" visitedClasses="0" numClasses="0" visitedMethods="0" numMethods="1" />
              <MetadataToken>100663300</MetadataToken>
              <Name>static System.Void ReadmeEditor::LoadLayout()</Name>
              <FileRef uid="2" />
              <SequencePoints>
                <SequencePoint vc="0" uspid="33" ordinal="0" offset="0" sl="71" sc="0" el="71" ec="0" bec="0" bev="0" fileid="2" />
                <SequencePoint vc="0" uspid="34" ordinal="0" offset="15" sl="72" sc="0" el="72" ec="0" bec="0" bev="0" fileid="2" />
                <SequencePoint vc="0" uspid="35" ordinal="0" offset="26" sl="73" sc="0" el="73" ec="0" bec="0" bev="0" fileid="2" />
                <SequencePoint vc="0" uspid="36" ordinal="0" offset="38" sl="74" sc="0" el="74" ec="0" bec="0" bev="0" fileid="2" />
                <SequencePoint vc="0" uspid="37" ordinal="0" offset="78" sl="75" sc="0" el="75" ec="0" bec="0" bev="0" fileid="2" />
              </SequencePoints>
              <BranchPoints />
            </Method>
            <Method visited="false" cyclomaticComplexity="0" nPathComplexity="0" sequenceCoverage="0.0" branchCoverage="0" crapScore="0" isConstructor="false" isStatic="true" isGetter="false" isSetter="false">
              <Summary numSequencePoints="7" visitedSequencePoints="0" numBranchPoints="0" visitedBranchPoints="0" sequenceCoverage="0.0" branchCoverage="0" maxCyclomaticComplexity="0" minCyclomaticComplexity="0" maxCrapScore="0" minCrapScore="0" visitedClasses="0" numClasses="0" visitedMethods="0" numMethods="1" />
              <MetadataToken>100663301</MetadataToken>
              <Name>static Readme ReadmeEditor::SelectReadme()</Name>
              <FileRef uid="2" />
              <SequencePoints>
                <SequencePoint vc="0" uspid="38" ordinal="0" offset="0" sl="79" sc="0" el="79" ec="0" bec="0" bev="0" fileid="2" />
                <SequencePoint vc="0" uspid="39" ordinal="0" offset="11" sl="80" sc="0" el="80" ec="0" bec="0" bev="0" fileid="2" />
                <SequencePoint vc="0" uspid="40" ordinal="0" offset="17" sl="82" sc="0" el="82" ec="0" bec="0" bev="0" fileid="2" />
                <SequencePoint vc="0" uspid="41" ordinal="0" offset="31" sl="84" sc="0" el="84" ec="0" bec="0" bev="0" fileid="2" />
                <SequencePoint vc="0" uspid="42" ordinal="0" offset="46" sl="86" sc="0" el="86" ec="0" bec="0" bev="0" fileid="2" />
                <SequencePoint vc="0" uspid="43" ordinal="0" offset="53" sl="90" sc="0" el="90" ec="0" bec="0" bev="0" fileid="2" />
                <SequencePoint vc="0" uspid="44" ordinal="0" offset="63" sl="91" sc="0" el="91" ec="0" bec="0" bev="0" fileid="2" />
              </SequencePoints>
              <BranchPoints />
            </Method>
            <Method visited="false" cyclomaticComplexity="0" nPathComplexity="0" sequenceCoverage="0.0" branchCoverage="0" crapScore="0" isConstructor="false" isStatic="false" isGetter="false" isSetter="false">
              <Summary numSequencePoints="16" visitedSequencePoints="0" numBranchPoints="0" visitedBranchPoints="0" sequenceCoverage="0.0" branchCoverage="0" maxCyclomaticComplexity="0" minCyclomaticComplexity="0" maxCrapScore="0" minCrapScore="0" visitedClasses="0" numClasses="0" visitedMethods="0" numMethods="1" />
              <MetadataToken>100663302</MetadataToken>
              <Name>System.Void ReadmeEditor::OnHeaderGUI()</Name>
              <FileRef uid="2" />
              <SequencePoints>
                <SequencePoint vc="0" uspid="45" ordinal="0" offset="0" sl="97" sc="0" el="97" ec="0" bec="0" bev="0" fileid="2" />
                <SequencePoint vc="0" uspid="46" ordinal="0" offset="12" sl="98" sc="0" el="98" ec="0" bec="0" bev="0" fileid="2" />
                <SequencePoint vc="0" uspid="47" ordinal="0" offset="18" sl="100" sc="0" el="100" ec="0" bec="0" bev="0" fileid="2" />
                <SequencePoint vc="0" uspid="48" ordinal="0" offset="46" sl="102" sc="0" el="102" ec="0" bec="0" bev="0" fileid="2" />
                <SequencePoint vc="0" uspid="49" ordinal="0" offset="66" sl="104" sc="0" el="104" ec="0" bec="0" bev="0" fileid="2" />
                <SequencePoint vc="0" uspid="50" ordinal="0" offset="80" sl="106" sc="0" el="106" ec="0" bec="0" bev="0" fileid="2" />
                <SequencePoint vc="0" uspid="51" ordinal="0" offset="90" sl="107" sc="0" el="107" ec="0" bec="0" bev="0" fileid="2" />
                <SequencePoint vc="0" uspid="52" ordinal="0" offset="125" sl="109" sc="0" el="109" ec="0" bec="0" bev="0" fileid="2" />
                <SequencePoint vc="0" uspid="53" ordinal="0" offset="135" sl="110" sc="0" el="110" ec="0" bec="0" bev="0" fileid="2" />
                <SequencePoint vc="0" uspid="54" ordinal="0" offset="145" sl="113" sc="0" el="113" ec="0" bec="0" bev="0" fileid="2" />
                <SequencePoint vc="0" uspid="55" ordinal="0" offset="150" sl="114" sc="0" el="114" ec="0" bec="0" bev="0" fileid="2" />
                <SequencePoint vc="0" uspid="56" ordinal="0" offset="172" sl="115" sc="0" el="115" ec="0" bec="0" bev="0" fileid="2" />
                <SequencePoint vc="0" uspid="57" ordinal="0" offset="177" sl="117" sc="0" el="117" ec="0" bec="0" bev="0" fileid="2" />
                <SequencePoint vc="0" uspid="58" ordinal="0" offset="182" sl="118" sc="0" el="118" ec="0" bec="0" bev="0" fileid="2" />
                <SequencePoint vc="0" uspid="59" ordinal="0" offset="187" sl="120" sc="0" el="120" ec="0" bec="0" bev="0" fileid="2" />
                <SequencePoint vc="0" uspid="60" ordinal="0" offset="192" sl="121" sc="0" el="121" ec="0" bec="0" bev="0" fileid="2" />
              </SequencePoints>
              <BranchPoints />
            </Method>
            <Method visited="false" cyclomaticComplexity="0" nPathComplexity="0" sequenceCoverage="0.0" branchCoverage="0" crapScore="0" isConstructor="false" isStatic="false" isGetter="false" isSetter="false">
              <Summary numSequencePoints="16" visitedSequencePoints="0" numBranchPoints="0" visitedBranchPoints="0" sequenceCoverage="0.0" branchCoverage="0" maxCyclomaticComplexity="0" minCyclomaticComplexity="0" maxCrapScore="0" minCrapScore="0" visitedClasses="0" numClasses="0" visitedMethods="0" numMethods="1" />
              <MetadataToken>100663303</MetadataToken>
              <Name>System.Void ReadmeEditor::OnInspectorGUI()</Name>
              <FileRef uid="2" />
              <SequencePoints>
                <SequencePoint vc="0" uspid="61" ordinal="0" offset="0" sl="125" sc="0" el="125" ec="0" bec="0" bev="0" fileid="2" />
                <SequencePoint vc="0" uspid="62" ordinal="0" offset="11" sl="126" sc="0" el="126" ec="0" bec="0" bev="0" fileid="2" />
                <SequencePoint vc="0" uspid="63" ordinal="0" offset="17" sl="128" sc="0" el="128" ec="0" bec="0" bev="0" fileid="2" />
                <SequencePoint vc="0" uspid="64" ordinal="0" offset="30" sl="128" sc="0" el="128" ec="0" bec="0" bev="0" fileid="2" />
                <SequencePoint vc="0" uspid="65" ordinal="0" offset="34" sl="130" sc="0" el="130" ec="0" bec="0" bev="0" fileid="2" />
                <SequencePoint vc="0" uspid="66" ordinal="0" offset="47" sl="132" sc="0" el="132" ec="0" bec="0" bev="0" fileid="2" />
                <SequencePoint vc="0" uspid="67" ordinal="0" offset="69" sl="135" sc="0" el="135" ec="0" bec="0" bev="0" fileid="2" />
                <SequencePoint vc="0" uspid="68" ordinal="0" offset="82" sl="137" sc="0" el="137" ec="0" bec="0" bev="0" fileid="2" />
                <SequencePoint vc="0" uspid="69" ordinal="0" offset="104" sl="140" sc="0" el="140" ec="0" bec="0" bev="0" fileid="2" />
                <SequencePoint vc="0" uspid="70" ordinal="0" offset="117" sl="142" sc="0" el="142" ec="0" bec="0" bev="0" fileid="2" />
                <SequencePoint vc="0" uspid="71" ordinal="0" offset="141" sl="144" sc="0" el="144" ec="0" bec="0" bev="0" fileid="2" />
                <SequencePoint vc="0" uspid="72" ordinal="0" offset="152" sl="148" sc="0" el="148" ec="0" bec="0" bev="0" fileid="2" />
                <SequencePoint vc="0" uspid="73" ordinal="0" offset="166" sl="128" sc="0" el="128" ec="0" bec="0" bev="0" fileid="2" />
                <SequencePoint vc="0" uspid="74" ordinal="0" offset="175" sl="151" sc="0" el="151" ec="0" bec="0" bev="0" fileid="2" />
                <SequencePoint vc="0" uspid="75" ordinal="0" offset="198" sl="153" sc="0" el="153" ec="0" bec="0" bev="0" fileid="2" />
                <SequencePoint vc="0" uspid="76" ordinal="0" offset="203" sl="155" sc="0" el="155" ec="0" bec="0" bev="0" fileid="2" />
              </SequencePoints>
              <BranchPoints />
            </Method>
            <Method visited="false" cyclomaticComplexity="0" nPathComplexity="0" sequenceCoverage="0.0" branchCoverage="0" crapScore="0" isConstructor="false" isStatic="false" isGetter="true" isSetter="false">
              <Summary numSequencePoints="1" visitedSequencePoints="0" numBranchPoints="0" visitedBranchPoints="0" sequenceCoverage="0.0" branchCoverage="0" maxCyclomaticComplexity="0" minCyclomaticComplexity="0" maxCrapScore="0" minCrapScore="0" visitedClasses="0" numClasses="0" visitedMethods="0" numMethods="1" />
              <MetadataToken>100663304</MetadataToken>
              <Name>UnityEngine.GUIStyle ReadmeEditor::get_LinkStyle()</Name>
              <FileRef uid="2" />
              <SequencePoints>
                <SequencePoint vc="0" uspid="77" ordinal="0" offset="0" sl="161" sc="0" el="161" ec="0" bec="0" bev="0" fileid="2" />
              </SequencePoints>
              <BranchPoints />
            </Method>
            <Method visited="false" cyclomaticComplexity="0" nPathComplexity="0" sequenceCoverage="0.0" branchCoverage="0" crapScore="0" isConstructor="false" isStatic="false" isGetter="true" isSetter="false">
              <Summary numSequencePoints="1" visitedSequencePoints="0" numBranchPoints="0" visitedBranchPoints="0" sequenceCoverage="0.0" branchCoverage="0" maxCyclomaticComplexity="0" minCyclomaticComplexity="0" maxCrapScore="0" minCrapScore="0" visitedClasses="0" numClasses="0" visitedMethods="0" numMethods="1" />
              <MetadataToken>100663305</MetadataToken>
              <Name>UnityEngine.GUIStyle ReadmeEditor::get_TitleStyle()</Name>
              <FileRef uid="2" />
              <SequencePoints>
                <SequencePoint vc="0" uspid="78" ordinal="0" offset="0" sl="169" sc="0" el="169" ec="0" bec="0" bev="0" fileid="2" />
              </SequencePoints>
              <BranchPoints />
            </Method>
            <Method visited="false" cyclomaticComplexity="0" nPathComplexity="0" sequenceCoverage="0.0" branchCoverage="0" crapScore="0" isConstructor="false" isStatic="false" isGetter="true" isSetter="false">
              <Summary numSequencePoints="1" visitedSequencePoints="0" numBranchPoints="0" visitedBranchPoints="0" sequenceCoverage="0.0" branchCoverage="0" maxCyclomaticComplexity="0" minCyclomaticComplexity="0" maxCrapScore="0" minCrapScore="0" visitedClasses="0" numClasses="0" visitedMethods="0" numMethods="1" />
              <MetadataToken>100663306</MetadataToken>
              <Name>UnityEngine.GUIStyle ReadmeEditor::get_HeadingStyle()</Name>
              <FileRef uid="2" />
              <SequencePoints>
                <SequencePoint vc="0" uspid="79" ordinal="0" offset="0" sl="177" sc="0" el="177" ec="0" bec="0" bev="0" fileid="2" />
              </SequencePoints>
              <BranchPoints />
            </Method>
            <Method visited="false" cyclomaticComplexity="0" nPathComplexity="0" sequenceCoverage="0.0" branchCoverage="0" crapScore="0" isConstructor="false" isStatic="false" isGetter="true" isSetter="false">
              <Summary numSequencePoints="1" visitedSequencePoints="0" numBranchPoints="0" visitedBranchPoints="0" sequenceCoverage="0.0" branchCoverage="0" maxCyclomaticComplexity="0" minCyclomaticComplexity="0" maxCrapScore="0" minCrapScore="0" visitedClasses="0" numClasses="0" visitedMethods="0" numMethods="1" />
              <MetadataToken>100663307</MetadataToken>
              <Name>UnityEngine.GUIStyle ReadmeEditor::get_BodyStyle()</Name>
              <FileRef uid="2" />
              <SequencePoints>
                <SequencePoint vc="0" uspid="80" ordinal="0" offset="0" sl="185" sc="0" el="185" ec="0" bec="0" bev="0" fileid="2" />
              </SequencePoints>
              <BranchPoints />
            </Method>
            <Method visited="false" cyclomaticComplexity="0" nPathComplexity="0" sequenceCoverage="0.0" branchCoverage="0" crapScore="0" isConstructor="false" isStatic="false" isGetter="true" isSetter="false">
              <Summary numSequencePoints="1" visitedSequencePoints="0" numBranchPoints="0" visitedBranchPoints="0" sequenceCoverage="0.0" branchCoverage="0" maxCyclomaticComplexity="0" minCyclomaticComplexity="0" maxCrapScore="0" minCrapScore="0" visitedClasses="0" numClasses="0" visitedMethods="0" numMethods="1" />
              <MetadataToken>100663308</MetadataToken>
              <Name>UnityEngine.GUIStyle ReadmeEditor::get_ButtonStyle()</Name>
              <FileRef uid="2" />
              <SequencePoints>
                <SequencePoint vc="0" uspid="81" ordinal="0" offset="0" sl="193" sc="0" el="193" ec="0" bec="0" bev="0" fileid="2" />
              </SequencePoints>
              <BranchPoints />
            </Method>
            <Method visited="false" cyclomaticComplexity="0" nPathComplexity="0" sequenceCoverage="0.0" branchCoverage="0" crapScore="0" isConstructor="false" isStatic="false" isGetter="false" isSetter="false">
              <Summary numSequencePoints="19" visitedSequencePoints="0" numBranchPoints="0" visitedBranchPoints="0" sequenceCoverage="0.0" branchCoverage="0" maxCyclomaticComplexity="0" minCyclomaticComplexity="0" maxCrapScore="0" minCrapScore="0" visitedClasses="0" numClasses="0" visitedMethods="0" numMethods="1" />
              <MetadataToken>100663309</MetadataToken>
              <Name>System.Void ReadmeEditor::Init()</Name>
              <FileRef uid="2" />
              <SequencePoints>
                <SequencePoint vc="0" uspid="82" ordinal="0" offset="0" sl="201" sc="0" el="201" ec="0" bec="0" bev="0" fileid="2" />
                <SequencePoint vc="0" uspid="83" ordinal="0" offset="8" sl="202" sc="0" el="202" ec="0" bec="0" bev="0" fileid="2" />
                <SequencePoint vc="0" uspid="84" ordinal="0" offset="9" sl="203" sc="0" el="203" ec="0" bec="0" bev="0" fileid="2" />
                <SequencePoint vc="0" uspid="85" ordinal="0" offset="25" sl="204" sc="0" el="204" ec="0" bec="0" bev="0" fileid="2" />
                <SequencePoint vc="0" uspid="86" ordinal="0" offset="37" sl="205" sc="0" el="205" ec="0" bec="0" bev="0" fileid="2" />
                <SequencePoint vc="0" uspid="87" ordinal="0" offset="50" sl="206" sc="0" el="206" ec="0" bec="0" bev="0" fileid="2" />
                <SequencePoint vc="0" uspid="88" ordinal="0" offset="62" sl="208" sc="0" el="208" ec="0" bec="0" bev="0" fileid="2" />
                <SequencePoint vc="0" uspid="89" ordinal="0" offset="79" sl="209" sc="0" el="209" ec="0" bec="0" bev="0" fileid="2" />
                <SequencePoint vc="0" uspid="90" ordinal="0" offset="92" sl="211" sc="0" el="211" ec="0" bec="0" bev="0" fileid="2" />
                <SequencePoint vc="0" uspid="91" ordinal="0" offset="109" sl="212" sc="0" el="212" ec="0" bec="0" bev="0" fileid="2" />
                <SequencePoint vc="0" uspid="92" ordinal="0" offset="121" sl="213" sc="0" el="213" ec="0" bec="0" bev="0" fileid="2" />
                <SequencePoint vc="0" uspid="93" ordinal="0" offset="134" sl="215" sc="0" el="215" ec="0" bec="0" bev="0" fileid="2" />
                <SequencePoint vc="0" uspid="94" ordinal="0" offset="151" sl="216" sc="0" el="216" ec="0" bec="0" bev="0" fileid="2" />
                <SequencePoint vc="0" uspid="95" ordinal="0" offset="163" sl="219" sc="0" el="219" ec="0" bec="0" bev="0" fileid="2" />
                <SequencePoint vc="0" uspid="96" ordinal="0" offset="204" sl="220" sc="0" el="220" ec="0" bec="0" bev="0" fileid="2" />
                <SequencePoint vc="0" uspid="97" ordinal="0" offset="216" sl="222" sc="0" el="222" ec="0" bec="0" bev="0" fileid="2" />
                <SequencePoint vc="0" uspid="98" ordinal="0" offset="232" sl="223" sc="0" el="223" ec="0" bec="0" bev="0" fileid="2" />
                <SequencePoint vc="0" uspid="99" ordinal="0" offset="244" sl="225" sc="0" el="225" ec="0" bec="0" bev="0" fileid="2" />
                <SequencePoint vc="0" uspid="100" ordinal="0" offset="251" sl="226" sc="0" el="226" ec="0" bec="0" bev="0" fileid="2" />
              </SequencePoints>
              <BranchPoints />
            </Method>
            <Method visited="false" cyclomaticComplexity="0" nPathComplexity="0" sequenceCoverage="0.0" branchCoverage="0" crapScore="0" isConstructor="false" isStatic="false" isGetter="false" isSetter="false">
              <Summary numSequencePoints="8" visitedSequencePoints="0" numBranchPoints="0" visitedBranchPoints="0" sequenceCoverage="0.0" branchCoverage="0" maxCyclomaticComplexity="0" minCyclomaticComplexity="0" maxCrapScore="0" minCrapScore="0" visitedClasses="0" numClasses="0" visitedMethods="0" numMethods="1" />
              <MetadataToken>100663310</MetadataToken>
              <Name>System.Boolean ReadmeEditor::LinkLabel(UnityEngine.GUIContent, UnityEngine.GUILayoutOption[])</Name>
              <FileRef uid="2" />
              <SequencePoints>
                <SequencePoint vc="0" uspid="101" ordinal="0" offset="0" sl="230" sc="0" el="230" ec="0" bec="0" bev="0" fileid="2" />
                <SequencePoint vc="0" uspid="102" ordinal="0" offset="14" sl="232" sc="0" el="232" ec="0" bec="0" bev="0" fileid="2" />
                <SequencePoint vc="0" uspid="103" ordinal="0" offset="19" sl="233" sc="0" el="233" ec="0" bec="0" bev="0" fileid="2" />
                <SequencePoint vc="0" uspid="104" ordinal="0" offset="40" sl="234" sc="0" el="234" ec="0" bec="0" bev="0" fileid="2" />
                <SequencePoint vc="0" uspid="105" ordinal="0" offset="83" sl="235" sc="0" el="235" ec="0" bec="0" bev="0" fileid="2" />
                <SequencePoint vc="0" uspid="106" ordinal="0" offset="93" sl="236" sc="0" el="236" ec="0" bec="0" bev="0" fileid="2" />
                <SequencePoint vc="0" uspid="107" ordinal="0" offset="98" sl="238" sc="0" el="238" ec="0" bec="0" bev="0" fileid="2" />
                <SequencePoint vc="0" uspid="108" ordinal="0" offset="105" sl="240" sc="0" el="240" ec="0" bec="0" bev="0" fileid="2" />
              </SequencePoints>
              <BranchPoints />
            </Method>
            <Method visited="false" cyclomaticComplexity="0" nPathComplexity="0" sequenceCoverage="0.0" branchCoverage="0" crapScore="0" isConstructor="true" isStatic="true" isGetter="false" isSetter="false">
              <Summary numSequencePoints="4" visitedSequencePoints="0" numBranchPoints="0" visitedBranchPoints="0" sequenceCoverage="0.0" branchCoverage="0" maxCyclomaticComplexity="0" minCyclomaticComplexity="0" maxCrapScore="0" minCrapScore="0" visitedClasses="0" numClasses="0" visitedMethods="0" numMethods="1" />
              <MetadataToken>100663297</MetadataToken>
              <Name>static ReadmeEditor::ReadmeEditor()</Name>
              <FileRef uid="2" />
              <SequencePoints>
                <SequencePoint vc="0" uspid="109" ordinal="0" offset="0" sl="13" sc="5" el="13" ec="5" bec="0" bev="0" fileid="2" />
                <SequencePoint vc="0" uspid="110" ordinal="0" offset="10" sl="15" sc="5" el="15" ec="5" bec="0" bev="0" fileid="2" />
                <SequencePoint vc="0" uspid="111" ordinal="0" offset="20" sl="21" sc="9" el="21" ec="9" bec="0" bev="0" fileid="2" />
                <SequencePoint vc="0" uspid="112" ordinal="0" offset="52" sl="22" sc="5" el="22" ec="5" bec="0" bev="0" fileid="2" />
              </SequencePoints>
              <BranchPoints />
            </Method>
          </Methods>
        </Class>
      </Classes>
    </Module>
    <Module>
      <Summary numSequencePoints="14" visitedSequencePoints="8" numBranchPoints="0" visitedBranchPoints="0" sequenceCoverage="57.14" branchCoverage="0.0" maxCyclomaticComplexity="0" minCyclomaticComplexity="0" maxCrapScore="0" minCrapScore="0" visitedClasses="2" numClasses="2" visitedMethods="2" numMethods="3" />
      <ModuleTime>0001-01-01T00:00:00</ModuleTime>
      <ModuleName>Tests</ModuleName>
      <Files>
        <File uid="3" fullPath="D:/Unity Projects/CICID-R-D/Assets/Test/Tests/InternetTest.cs" />
      </Files>
      <Classes>
        <Class>
          <Summary numSequencePoints="8" visitedSequencePoints="4" numBranchPoints="0" visitedBranchPoints="0" sequenceCoverage="50.00" branchCoverage="0.0" maxCyclomaticComplexity="0" minCyclomaticComplexity="0" maxCrapScore="0" minCrapScore="0" visitedClasses="1" numClasses="1" visitedMethods="1" numMethods="2" />
          <FullName>InternetTest</FullName>
          <Methods>
            <Method visited="true" cyclomaticComplexity="0" nPathComplexity="0" sequenceCoverage="100.0" branchCoverage="0" crapScore="0" isConstructor="false" isStatic="false" isGetter="false" isSetter="false">
              <Summary numSequencePoints="4" visitedSequencePoints="4" numBranchPoints="0" visitedBranchPoints="0" sequenceCoverage="100.0" branchCoverage="0" maxCyclomaticComplexity="0" minCyclomaticComplexity="0" maxCrapScore="0" minCrapScore="0" visitedClasses="0" numClasses="0" visitedMethods="1" numMethods="1" />
              <MetadataToken>100663297</MetadataToken>
              <Name>System.Void InternetTest::CheckInternetConnection_WhenConnected_ReturnsTrue()</Name>
              <FileRef uid="3" />
              <SequencePoints>
                <SequencePoint vc="1" uspid="113" ordinal="0" offset="0" sl="13" sc="9" el="13" ec="9" bec="0" bev="0" fileid="3" />
                <SequencePoint vc="1" uspid="114" ordinal="0" offset="5" sl="16" sc="9" el="16" ec="9" bec="0" bev="0" fileid="3" />
                <SequencePoint vc="1" uspid="115" ordinal="0" offset="10" sl="19" sc="9" el="19" ec="9" bec="0" bev="0" fileid="3" />
                <SequencePoint vc="1" uspid="116" ordinal="0" offset="15" sl="20" sc="5" el="20" ec="5" bec="0" bev="0" fileid="3" />
              </SequencePoints>
              <BranchPoints />
            </Method>
            <Method visited="false" cyclomaticComplexity="0" nPathComplexity="0" sequenceCoverage="0.0" branchCoverage="0" crapScore="0" isConstructor="false" isStatic="false" isGetter="false" isSetter="false">
              <Summary numSequencePoints="4" visitedSequencePoints="0" numBranchPoints="0" visitedBranchPoints="0" sequenceCoverage="0.0" branchCoverage="0" maxCyclomaticComplexity="0" minCyclomaticComplexity="0" maxCrapScore="0" minCrapScore="0" visitedClasses="0" numClasses="0" visitedMethods="0" numMethods="1" />
              <MetadataToken>100663298</MetadataToken>
              <Name>System.Void InternetTest::CheckInternetConnection_WhenNotConnected_ReturnsFalse()</Name>
              <FileRef uid="3" />
              <SequencePoints>
                <SequencePoint vc="0" uspid="117" ordinal="0" offset="0" sl="26" sc="0" el="26" ec="0" bec="0" bev="0" fileid="3" />
                <SequencePoint vc="0" uspid="118" ordinal="0" offset="5" sl="29" sc="0" el="29" ec="0" bec="0" bev="0" fileid="3" />
                <SequencePoint vc="0" uspid="119" ordinal="0" offset="10" sl="32" sc="0" el="32" ec="0" bec="0" bev="0" fileid="3" />
                <SequencePoint vc="0" uspid="120" ordinal="0" offset="15" sl="33" sc="0" el="33" ec="0" bec="0" bev="0" fileid="3" />
              </SequencePoints>
              <BranchPoints />
            </Method>
          </Methods>
        </Class>
        <Class>
          <Summary numSequencePoints="6" visitedSequencePoints="4" numBranchPoints="0" visitedBranchPoints="0" sequenceCoverage="66.67" branchCoverage="0.0" maxCyclomaticComplexity="0" minCyclomaticComplexity="0" maxCrapScore="0" minCrapScore="0" visitedClasses="1" numClasses="1" visitedMethods="1" numMethods="1" />
          <FullName>InternetChecker</FullName>
          <Methods>
            <Method visited="true" cyclomaticComplexity="0" nPathComplexity="0" sequenceCoverage="66.67" branchCoverage="0" crapScore="0" isConstructor="false" isStatic="false" isGetter="false" isSetter="false">
              <Summary numSequencePoints="6" visitedSequencePoints="4" numBranchPoints="0" visitedBranchPoints="0" sequenceCoverage="66.67" branchCoverage="0" maxCyclomaticComplexity="0" minCyclomaticComplexity="0" maxCrapScore="0" minCrapScore="0" visitedClasses="0" numClasses="0" visitedMethods="1" numMethods="1" />
              <MetadataToken>100663300</MetadataToken>
              <Name>System.Boolean InternetChecker::CheckInternetConnection()</Name>
              <FileRef uid="3" />
              <SequencePoints>
                <SequencePoint vc="1" uspid="121" ordinal="0" offset="0" sl="41" sc="20" el="41" ec="20" bec="0" bev="0" fileid="3" />
                <SequencePoint vc="1" uspid="122" ordinal="0" offset="6" sl="43" sc="24" el="43" ec="24" bec="0" bev="0" fileid="3" />
                <SequencePoint vc="1" uspid="123" ordinal="0" offset="18" sl="45" sc="21" el="45" ec="21" bec="0" bev="0" fileid="3" />
                <SequencePoint vc="0" uspid="124" ordinal="0" offset="42" sl="49" sc="9" el="49" ec="9" bec="0" bev="0" fileid="3" />
                <SequencePoint vc="0" uspid="125" ordinal="0" offset="43" sl="51" sc="13" el="51" ec="13" bec="0" bev="0" fileid="3" />
                <SequencePoint vc="1" uspid="126" ordinal="0" offset="47" sl="53" sc="5" el="53" ec="5" bec="0" bev="0" fileid="3" />
              </SequencePoints>
              <BranchPoints />
            </Method>
          </Methods>
        </Class>
      </Classes>
    </Module>
  </Modules>
</CoverageSession>